1708340817 23067162066735171833
1708344849 22988526698196628062
1708348031 22962414025323150101
1708351673 22943703228316550106
1708355270 22923759810867968004
1708359103 22886381242636832650
1708362361 22852016876354035605
1708366332 22837576845849425748
1708369687 22835113130414163041
1708373235 22834819335192982775
1708376850 22833988755399006905
1708380427 22833102884108502097
1708384012 22832388015093509517
1708389093 22831460997079256695
1708393087 22830869501065349885
1708395146 22830867603627198830
1708398536 22830084432548879418
1708402356 22829393371066788722
1708405667 22828993918110361204
1708409540 22828005253150257866
1708412849 22827058426559804170
1708416715 22823947404455132480
1708420047 22820968457495014704
1708423644 22817982157425516555
1708427153 22802003452239598418
1708431228 22759539055749320784
1708434407 22741573064015044695
1708439087 22713901440491688935
1708441617 22700963430876349542
1708445470 22694529932791175222
1708448790 22677809226602604279
1708452752 22675771274032514634
1708455973 22674422486571685995
1708459677 22672578598909118614
1708463182 22671245814491293075
1708466774 22670940329586432407
1708470378 22670482545950654335
1708475516 22670075469045246989
1708479588 22669079585526488581
1708481616 22668960785655575291
1708484976 22668755185262407538
1708488683 22665200942051197163
1708492018 22660238367395392649
1708495937 22657582727445974904
1708510183 22626728726488945428
1708513560 22617037103439443806
1708518654 22611677674404045035
1708520936 22607310552695455735
1708524495 22596947967026354906
1708535184 22533247619624504840
1708539093 22529888031429748754
1708542372 22528925796181773576
1708546032 22525768931229543760
1708549590 22523114314699300285
1708553274 22522473751956807580
1708556947 22521724926171900465
1708562001 22520332371114394609
1708565979 22519714706857029645
1708568056 22519123001125730134
1708571338 22517371915312901808
1708575086 22517220098302256828
1708578434 22516699706346419183
1708582344 22515894531965920617
1708585636 22514959447228180981
1708589512 22514241314122463263
1708592919 22513639472813362089
1708596445 22510065198312061878
1708599974 22509006322935582995
1708604125 22508467947741114697
1708607350 22506774404383093900
1708610892 22505200251743259206
1708614448 22504318481677237754
1708618268 22500855233369675827
1708621598 22493835334163509772
1708625529 22492433939148752207
1708628736 22490826865161519006
1708632444 22490060872102696131
1708635994 22489360164102188134
1708639621 22488805849292678796
1708643477 22487979504771551535
1708648375 22487001081776110983
1708652365 22486228507307003045
1708654470 22485945316581341683
1708657752 22485637403151339713
1708661483 22485299695991977960
1708665070 22485185419408664543
1708668760 22484357931097210494
1708672172 22483530071141897634
1708675961 22482761083487337817
1708679253 22482028435784302111
1708682920 22481012096653041455
1708686383 22480066180580254921
1708690467 22479294353123940272
1708693696 22478674779981333590
1708697223 22478174839912924076
1708700928 22477490152295876518
1708704610 22476640725785393846
1708707977 22476030956724860358
1708711934 22474632694702293717
1708715156 22473790973765376390
1708718994 22472619638700540658
1708722390 22472115582264037683
1708726008 22471492829818005237
1708729676 22470716630891040603
1708734644 22469626392579655537
1708738608 22469003608600577467
1708740927 22468447227362105926
1708744290 22467921238945746643
1708747915 22467210321643251464
1708751263 22466508301168884368
1708755102 22466295119022652017
1708758486 22466076181234066209
1708762136 22466076181234066209
1708765584 22466076181234066209
1708769183 22466076181234066209
1708772773 22466076181234066209
1708776777 22466076181234066209
1708780152 22466076181234066209
1708783582 22466076181234066209
1708787179 22466076181234066209
1708790913 22466076181234066209
1708794614 22466076181234066209
1708798315 22466076181234066209
1708801567 22466076181234066209
1708805215 22466076181234066209
1708808796 22466076181234066209
1708812467 22466076181234066209
1708816074 22466076181234066209
1708821380 22466076181234066209
1708825427 22466076181234066209
1708827604 22466076181234066209
1708830482 22466076181234066209
1708834291 22466076181234066209
1708837721 22466076181234066209
1708841474 22466076181234066209
1708844899 22466076181234066209
1708848669 22466076181234066209
1708852005 22466076181234066209
1708855620 22466076181234066209
1708859174 22466076181234066209
1708863212 22453644744295026767
1708866480 22452001355465932994
1708869976 22449938269025036779
1708873591 22446783198523667592
1708877372 22439157533340414531
1708880915 22436771552943430764
1708884544 22434886166703179658
1708888086 22431398930741054290
1708891612 22425201523316414187
1708895278 22418920024694450764
1708898791 22412225087838582802
1708902478 22409803312340692929
1708907705 22406565724348102451
1708911736 22384606792280876780
1708914056 22343926405028461312
1708916892 22307544409008123911
1708920719 22263307517990986852
1708924223 22203731425561318621
1708927968 22156162515776200056
1708931301 22109161295658327252
1708935153 22054725518358981283
1708938509 22009810867420908637
1708942270 21950149208573379540
1708945570 21897550883943869400
1708950528 21808863437509427240
1708952844 21745093484320787085
1708956480 21669911057249152226
1708960068 21626069940343751656
1708963912 21591906690023205239
1708967277 21563431611447488774
