1708340817 5637285462195709552
1708344849 5662888756638628576
1708348031 5669559356562654960
1708351673 5678334022049257888
1708355270 5697274136794038928
1708359103 5717162381908758544
1708362361 5736839945102768304
1708366332 5752519095591430160
1708369687 5764334611895906768
1708373235 5774776916880386400
1708376850 5783956738096880144
1708380427 5793560648156285152
1708384012 5798701354163593488
1708389093 5807157388172283088
1708393087 5810354951182338720
1708395146 5813548697307142288
1708398536 5820280525695126080
1708402356 5827001693466090480
1708405667 5831545658736861888
1708409540 5839111682570424512
1708412849 5846754617199067936
1708416715 5860058933497701568
1708420047 5873397461671438352
1708423644 5884084454658704336
1708427153 5903103015443467920
1708431228 5922205806504973088
1708434407 5944526232012915120
1708439087 5987027212027294704
1708441617 6001732365143641312
1708445470 6021675247008276000
1708448790 6158017326711029072
1708452752 6169220726867577120
1708455973 6184787041652000128
1708459677 6197851557570122192
1708463182 6204506084683584128
1708466774 6209129014266241616
1708470378 6213030993696939072
1708475516 6221926671853405616
1708479588 6229863272777806784
1708481616 6235373021252376960
1708484976 6238409910041004560
1708488683 6246856989804501568
1708492018 6257439910095138816
1708495937 6262046798840604624
1708510183 6294544869858870288
1708513560 6306049634253414640
1708518654 6315526692832469216
1708520936 6321353820756374912
1708524495 6333767842476943120
1708535184 6379964417023280064
1708539093 6386901557540303632
1708542372 6395735247109132016
1708546032 6409518289031000416
1708549590 6433256578213953104
1708553274 6445794451678423504
1708556947 6449805318757105408
1708562001 6453865255125540640
1708565979 6456990401732742576
1708568056 6458825566559795456
1708571338 6464528137155584704
1708575086 6469043297546803232
1708578434 6475315313710724112
1708582344 6482583456085838768
1708585636 6489152697372173168
1708589512 6497484696543548816
1708592919 6560914924407617600
1708596445 6615112070551279584
1708599974 6628073576462149520
1708604125 6639734280161716672
1708607350 6651604799378112256
1708610892 6661020598728727952
1708614448 6675892737057901664
1708618268 6700621803437518320
1708621598 6716707389295978944
1708625529 6724251680657302720
1708628736 6729195688970984448
1708632444 6736419369252903648
1708635994 6742019282568279568
1708639621 6750542260953273136
1708643477 6754998733114395904
1708648375 6759078523811464384
1708652365 6766557115478974320
1708654470 6769541186981717168
1708657752 6774740682732098352
1708661483 6782168227328769920
1708665070 6786132813839778480
1708668760 6790278681212994640
1708672172 6799018272262840576
1708675961 6806175744364821888
1708679253 6813040616482366944
1708682920 6823797846556224320
1708686383 6832520275604558768
1708690467 6840997207627291488
1708693696 6848391464495873040
1708697223 6856006691866737696
1708700928 6860686013239119552
1708704610 6869172799503383248
1708707977 6875275206885161504
1708711934 6891071722262445568
1708715156 6900795757329862848
1708718994 6907102754545565440
1708722390 6914640428814213712
1708726008 6919500409478776096
1708729676 6926156835531085840
1708734644 6934049799733720992
1708738608 6938444134397245984
1708740927 6942093250057383184
1708744290 6946887642233123712
1708747915 6952598305328334720
1708751263 6959581427504733024
1708755102 6966474261113194288
1708758486 6973880806108195024
1708762136 6978790685525811792
1708765584 6983397830043760736
1708769183 6991349457574129680
1708772773 7001659650231375728
1708776777 7014909056952613232
1708780152 7030959101260301856
1708783582 7041900457703499440
1708787179 7053874749864917952
1708790913 7075413544267612256
1708794614 7091028534883181696
1708798315 7103087437585203952
1708801567 7111988691312425456
1708805215 7119495429900551712
1708808796 7126452487471229344
1708812467 7130576212411313104
1708816074 7140546123208171968
1708821380 7157387964952440704
1708825427 7169569813423261696
1708827604 7173819605112844784
1708830482 7179472776097224976
1708834291 7187588032561682288
1708837721 7196024068514658320
1708841474 7201898481350497968
1708844899 7211480285388701744
1708848669 7222965283432937024
1708852005 7234422959834068880
1708855620 7246761256524300608
1708859174 7254934729509282880
1708863212 7269320911748850064
1708866480 7277426013699216592
1708869976 7291274442274124208
1708873591 7300672414271700832
1708877372 7315399434848544800
1708880915 7323888157496802432
1708884544 7330573813411846288
1708888086 7338738568102298752
1708891612 7353997088140285264
1708895278 7361315099266659520
1708898791 7372439877233663568
1708902478 7380487133392744720
1708907705 7389874881385503776
1708911736 7409703846778466096
1708914056 7426406550599305296
1708916892 7443941068411425248
1708920719 7464780000192461952
1708924223 7495784172264979616
1708927968 7519928506361825088
1708931301 7549714833615934480
1708935153 7599319770391717824
1708938509 7624656154264847488
1708942270 7663209899559889184
1708945570 7696135196273023904
1708950528 7764395805561058864
1708952844 7805100830094919344
1708956480 7855103934089840880
1708960068 7904161496588016144
1708963912 7964844821963144688
1708967277 8007621971581567424
